#
# There is insufficient memory for the Java Runtime Environment to continue.
# Native memory allocation (malloc) failed to allocate 65552 bytes for Chunk::new
# Possible reasons:
#   The system is out of physical RAM or swap space
#   In 32 bit mode, the process size limit was hit
# Possible solutions:
#   Reduce memory load on the system
#   Increase physical memory or swap space
#   Check if swap backing store is full
#   Use 64 bit Java on a 64 bit OS
#   Decrease Java heap size (-Xmx/-Xms)
#   Decrease number of Java threads
#   Decrease Java thread stack sizes (-Xss)
#   Set larger code cache with -XX:ReservedCodeCacheSize=
# This output file may be truncated or incomplete.
#
#  Out of Memory Error (allocation.cpp:390), pid=2660, tid=0x0000000000000c30
#
# JRE version: OpenJDK Runtime Environment (8.0_152-b06) (build 1.8.0_152-release-1136-b06)
# Java VM: OpenJDK 64-Bit Server VM (25.152-b06 mixed mode windows-amd64 compressed oops)
# Failed to write core dump. 
#

---------------  T H R E A D  ---------------

Current thread (0x0000000017cf4800):  JavaThread "C2 CompilerThread1" daemon [_thread_in_native, id=3120, stack(0x0000000019980000,0x0000000019a80000)]

Stack: [0x0000000019980000,0x0000000019a80000]
[error occurred during error reporting (printing stack bounds), id 0xc0000005]

Native frames: (J=compiled Java code, j=interpreted, Vv=VM code, C=native code)


Current CompileTask:
C2:  30799 2878       4       com.android.dx.ssa.back.SsaToRop::convertBasicBlocks (151 bytes)


---------------  P R O C E S S  ---------------

Java Threads: ( => current thread )
  0x000000001a4a1800 JavaThread "pool-2-thread-4" [_thread_blocked, id=1752, stack(0x000000001bd50000,0x000000001be50000)]
  0x000000001a4a1000 JavaThread "pool-2-thread-3" [_thread_blocked, id=8260, stack(0x000000001bc50000,0x000000001bd50000)]
  0x000000001a4a0000 JavaThread "pool-2-thread-2" [_thread_blocked, id=11468, stack(0x000000001bb50000,0x000000001bc50000)]
  0x000000001a49f800 JavaThread "pool-3-thread-1" [_thread_blocked, id=6672, stack(0x000000001ba50000,0x000000001bb50000)]
  0x0000000019f22000 JavaThread "pool-2-thread-1" [_thread_blocked, id=8312, stack(0x000000001b950000,0x000000001ba50000)]
  0x0000000019be2000 JavaThread "Service Thread" daemon [_thread_blocked, id=7868, stack(0x0000000019f80000,0x000000001a080000)]
  0x0000000017cf6000 JavaThread "C1 CompilerThread2" daemon [_thread_blocked, id=6916, stack(0x0000000019a80000,0x0000000019b80000)]
=>0x0000000017cf4800 JavaThread "C2 CompilerThread1" daemon [_thread_in_native, id=3120, stack(0x0000000019980000,0x0000000019a80000)]
  0x0000000017cf0800 JavaThread "C2 CompilerThread0" daemon [_thread_in_native, id=5156, stack(0x0000000019880000,0x0000000019980000)]
  0x0000000017cfa000 JavaThread "Attach Listener" daemon [_thread_blocked, id=5756, stack(0x0000000019780000,0x0000000019880000)]
  0x0000000017cf8000 JavaThread "Signal Dispatcher" daemon [_thread_blocked, id=12868, stack(0x0000000019680000,0x0000000019780000)]
  0x0000000017cda800 JavaThread "Finalizer" daemon [_thread_blocked, id=7020, stack(0x0000000019580000,0x0000000019680000)]
  0x0000000002e83800 JavaThread "Reference Handler" daemon [_thread_blocked, id=14008, stack(0x0000000019480000,0x0000000019580000)]
  0x0000000002bee000 JavaThread "main" [_thread_blocked, id=12328, stack(0x0000000002c90000,0x0000000002d90000)]

Other Threads:
  0x0000000017cb6800 VMThread [stack: 0x0000000019380000,0x0000000019480000] [id=5880]
  0x0000000019be3000 WatcherThread [stack: 0x000000001a080000,0x000000001a180000] [id=1916]

VM state:at safepoint (normal execution)

VM Mutex/Monitor currently owned by a thread:  ([mutex/lock_event])
[0x0000000002bec930] Threads_lock - owner thread: 0x0000000017cb6800
[0x0000000002bece30] Heap_lock - owner thread: 0x000000001a4a1000

Heap:
 PSYoungGen      total 486400K, used 401920K [0x00000000d5580000, 0x00000000f9380000, 0x0000000100000000)
  eden space 401920K, 100% used [0x00000000d5580000,0x00000000ede00000,0x00000000ede00000)
  from space 84480K, 0% used [0x00000000f3600000,0x00000000f3600000,0x00000000f8880000)
  to   space 90112K, 0% used [0x00000000ede00000,0x00000000ede00000,0x00000000f3600000)
 ParOldGen       total 175104K, used 174914K [0x0000000080000000, 0x000000008ab00000, 0x00000000d5580000)
  object space 175104K, 99% used [0x0000000080000000,0x000000008aad0a80,0x000000008ab00000)
 Metaspace       used 6663K, capacity 7350K, committed 7552K, reserved 1056768K
  class space    used 610K, capacity 622K, committed 640K, reserved 1048576K

Card table byte_map: [0x0000000012250000,0x0000000012660000] byte_map_base: 0x0000000011e50000

Marking Bits: (ParMarkBitMap*) 0x0000000073875aa0
 Begin Bits: [0x0000000012f10000, 0x0000000014f10000)
 End Bits:   [0x0000000014f10000, 0x0000000016f10000)

Polling page: 0x0000000001360000

CodeCache: size=245760Kb used=12386Kb max_used=12621Kb free=233373Kb
 bounds [0x0000000002e90000, 0x0000000003b30000, 0x0000000011e90000]
 total_blobs=2682 nmethods=2414 adapters=181
 compilation: enabled

Compilation events (10 events):
Event: 29.352 Thread 0x0000000017cf6000 2873       3       com.android.dx.cf.code.ExecutionStack::clear (40 bytes)
Event: 29.353 Thread 0x0000000017cf6000 nmethod 2873 0x00000000030a8110 code [0x00000000030a82c0, 0x00000000030a8828]
Event: 30.581 Thread 0x0000000017cf4800 nmethod 2868% 0x00000000031d1210 code [0x00000000031d1560, 0x00000000031d41b0]
Event: 30.583 Thread 0x0000000017cf4800 2878       4       com.android.dx.ssa.back.SsaToRop::convertBasicBlocks (151 bytes)
Event: 30.716 Thread 0x0000000017cf6000 2890       2       com.android.dx.rop.cst.CstDouble::<init> (6 bytes)
Event: 30.716 Thread 0x0000000017cf6000 nmethod 2890 0x000000000321ce50 code [0x000000000321cfa0, 0x000000000321d0f0]
Event: 30.720 Thread 0x0000000017cf6000 2891       2       java.util.HashMap::treeifyBin (110 bytes)
Event: 30.721 Thread 0x0000000017cf6000 nmethod 2891 0x00000000032b0490 code [0x00000000032b0620, 0x00000000032b09e8]
Event: 30.729 Thread 0x0000000017cf6000 2892       2       com.android.dx.rop.cst.CstDouble::make (9 bytes)
Event: 30.730 Thread 0x0000000017cf6000 nmethod 2892 0x00000000031582d0 code [0x0000000003158420, 0x00000000031585b0]

GC Heap History (10 events):
Event: 24.128 GC heap before
{Heap before GC invocations=20 (full 10):
 PSYoungGen      total 486400K, used 401920K [0x00000000d5580000, 0x00000000f9380000, 0x0000000100000000)
  eden space 401920K, 100% used [0x00000000d5580000,0x00000000ede00000,0x00000000ede00000)
  from space 84480K, 0% used [0x00000000f3600000,0x00000000f3600000,0x00000000f8880000)
  to   space 90112K, 0% used [0x00000000ede00000,0x00000000ede00000,0x00000000f3600000)
 ParOldGen       total 175104K, used 174920K [0x0000000080000000, 0x000000008ab00000, 0x00000000d5580000)
  object space 175104K, 99% used [0x0000000080000000,0x000000008aad2260,0x000000008ab00000)
 Metaspace       used 6657K, capacity 7350K, committed 7552K, reserved 1056768K
  class space    used 610K, capacity 622K, committed 640K, reserved 1048576K
Event: 25.043 GC heap after
Heap after GC invocations=20 (full 10):
 PSYoungGen      total 486400K, used 297385K [0x00000000d5580000, 0x00000000f9380000, 0x0000000100000000)
  eden space 401920K, 73% used [0x00000000d5580000,0x00000000e77ea528,0x00000000ede00000)
  from space 84480K, 0% used [0x00000000f3600000,0x00000000f3600000,0x00000000f8880000)
  to   space 90112K, 0% used [0x00000000ede00000,0x00000000ede00000,0x00000000f3600000)
 ParOldGen       total 175104K, used 174918K [0x0000000080000000, 0x000000008ab00000, 0x00000000d5580000)
  object space 175104K, 99% used [0x0000000080000000,0x000000008aad19e0,0x000000008ab00000)
 Metaspace       used 6657K, capacity 7350K, committed 7552K, reserved 1056768K
  class space    used 610K, capacity 622K, committed 640K, reserved 1048576K
}
Event: 25.216 GC heap before
{Heap before GC invocations=21 (full 11):
 PSYoungGen      total 486400K, used 401920K [0x00000000d5580000, 0x00000000f9380000, 0x0000000100000000)
  eden space 401920K, 100% used [0x00000000d5580000,0x00000000ede00000,0x00000000ede00000)
  from space 84480K, 0% used [0x00000000f3600000,0x00000000f3600000,0x00000000f8880000)
  to   space 90112K, 0% used [0x00000000ede00000,0x00000000ede00000,0x00000000f3600000)
 ParOldGen       total 175104K, used 174918K [0x0000000080000000, 0x000000008ab00000, 0x00000000d5580000)
  object space 175104K, 99% used [0x0000000080000000,0x000000008aad19e0,0x000000008ab00000)
 Metaspace       used 6663K, capacity 7350K, committed 7552K, reserved 1056768K
  class space    used 610K, capacity 622K, committed 640K, reserved 1048576K
Event: 26.187 GC heap after
Heap after GC invocations=21 (full 11):
 PSYoungGen      total 486400K, used 310534K [0x00000000d5580000, 0x00000000f9380000, 0x0000000100000000)
  eden space 401920K, 77% used [0x00000000d5580000,0x00000000e84c1bf8,0x00000000ede00000)
  from space 84480K, 0% used [0x00000000f3600000,0x00000000f3600000,0x00000000f8880000)
  to   space 90112K, 0% used [0x00000000ede00000,0x00000000ede00000,0x00000000f3600000)
 ParOldGen       total 175104K, used 174916K [0x0000000080000000, 0x000000008ab00000, 0x00000000d5580000)
  object space 175104K, 99% used [0x0000000080000000,0x000000008aad1320,0x000000008ab00000)
 Metaspace       used 6663K, capacity 7350K, committed 7552K, reserved 1056768K
  class space    used 610K, capacity 622K, committed 640K, reserved 1048576K
}
Event: 26.359 GC heap before
{Heap before GC invocations=22 (full 12):
 PSYoungGen      total 486400K, used 401920K [0x00000000d5580000, 0x00000000f9380000, 0x0000000100000000)
  eden space 401920K, 100% used [0x00000000d5580000,0x00000000ede00000,0x00000000ede00000)
  from space 84480K, 0% used [0x00000000f3600000,0x00000000f3600000,0x00000000f8880000)
  to   space 90112K, 0% used [0x00000000ede00000,0x00000000ede00000,0x00000000f3600000)
 ParOldGen       total 175104K, used 174916K [0x0000000080000000, 0x000000008ab00000, 0x00000000d5580000)
  object space 175104K, 99% used [0x0000000080000000,0x000000008aad1320,0x000000008ab00000)
 Metaspace       used 6663K, capacity 7350K, committed 7552K, reserved 1056768K
  class space    used 610K, capacity 622K, committed 640K, reserved 1048576K
Event: 27.464 GC heap after
Heap after GC invocations=22 (full 12):
 PSYoungGen      total 486400K, used 326863K [0x00000000d5580000, 0x00000000f9380000, 0x0000000100000000)
  eden space 401920K, 81% used [0x00000000d5580000,0x00000000e94b3fb0,0x00000000ede00000)
  from space 84480K, 0% used [0x00000000f3600000,0x00000000f3600000,0x00000000f8880000)
  to   space 90112K, 0% used [0x00000000ede00000,0x00000000ede00000,0x00000000f3600000)
 ParOldGen       total 175104K, used 174915K [0x0000000080000000, 0x000000008ab00000, 0x00000000d5580000)
  object space 175104K, 99% used [0x0000000080000000,0x000000008aad0fa0,0x000000008ab00000)
 Metaspace       used 6663K, capacity 7350K, committed 7552K, reserved 1056768K
  class space    used 610K, capacity 622K, committed 640K, reserved 1048576K
}
Event: 27.638 GC heap before
{Heap before GC invocations=23 (full 13):
 PSYoungGen      total 486400K, used 401920K [0x00000000d5580000, 0x00000000f9380000, 0x0000000100000000)
  eden space 401920K, 100% used [0x00000000d5580000,0x00000000ede00000,0x00000000ede00000)
  from space 84480K, 0% used [0x00000000f3600000,0x00000000f3600000,0x00000000f8880000)
  to   space 90112K, 0% used [0x00000000ede00000,0x00000000ede00000,0x00000000f3600000)
 ParOldGen       total 175104K, used 174915K [0x0000000080000000, 0x000000008ab00000, 0x00000000d5580000)
  object space 175104K, 99% used [0x0000000080000000,0x000000008aad0fa0,0x000000008ab00000)
 Metaspace       used 6663K, capacity 7350K, committed 7552K, reserved 1056768K
  class space    used 610K, capacity 622K, committed 640K, reserved 1048576K
Event: 28.601 GC heap after
Heap after GC invocations=23 (full 13):
 PSYoungGen      total 486400K, used 336011K [0x00000000d5580000, 0x00000000f9380000, 0x0000000100000000)
  eden space 401920K, 83% used [0x00000000d5580000,0x00000000e9da2ff8,0x00000000ede00000)
  from space 84480K, 0% used [0x00000000f3600000,0x00000000f3600000,0x00000000f8880000)
  to   space 90112K, 0% used [0x00000000ede00000,0x00000000ede00000,0x00000000f3600000)
 ParOldGen       total 175104K, used 174915K [0x0000000080000000, 0x000000008ab00000, 0x00000000d5580000)
  object space 175104K, 99% used [0x0000000080000000,0x000000008aad0d40,0x000000008ab00000)
 Metaspace       used 6663K, capacity 7350K, committed 7552K, reserved 1056768K
  class space    used 610K, capacity 622K, committed 640K, reserved 1048576K
}
Event: 29.439 GC heap before
{Heap before GC invocations=24 (full 14):
 PSYoungGen      total 486400K, used 401920K [0x00000000d5580000, 0x00000000f9380000, 0x0000000100000000)
  eden space 401920K, 100% used [0x00000000d5580000,0x00000000ede00000,0x00000000ede00000)
  from space 84480K, 0% used [0x00000000f3600000,0x00000000f3600000,0x00000000f8880000)
  to   space 90112K, 0% used [0x00000000ede00000,0x00000000ede00000,0x00000000f3600000)
 ParOldGen       total 175104K, used 174915K [0x0000000080000000, 0x000000008ab00000, 0x00000000d5580000)
  object space 175104K, 99% used [0x0000000080000000,0x000000008aad0d40,0x000000008ab00000)
 Metaspace       used 6663K, capacity 7350K, committed 7552K, reserved 1056768K
  class space    used 610K, capacity 622K, committed 640K, reserved 1048576K
Event: 30.573 GC heap after
Heap after GC invocations=24 (full 14):
 PSYoungGen      total 486400K, used 346065K [0x00000000d5580000, 0x00000000f9380000, 0x0000000100000000)
  eden space 401920K, 86% used [0x00000000d5580000,0x00000000ea774690,0x00000000ede00000)
  from space 84480K, 0% used [0x00000000f3600000,0x00000000f3600000,0x00000000f8880000)
  to   space 90112K, 0% used [0x00000000ede00000,0x00000000ede00000,0x00000000f3600000)
 ParOldGen       total 175104K, used 174914K [0x0000000080000000, 0x000000008ab00000, 0x00000000d5580000)
  object space 175104K, 99% used [0x0000000080000000,0x000000008aad0a80,0x000000008ab00000)
 Metaspace       used 6663K, capacity 7350K, committed 7552K, reserved 1056768K
  class space    used 610K, capacity 622K, committed 640K, reserved 1048576K
}

Deoptimization events (10 events):
Event: 20.697 Thread 0x000000001a4a1800 Uncommon trap: reason=unstable_if action=reinterpret pc=0x0000000003a744e8 method=com.android.dx.ssa.SsaMethod.getExitBlock()Lcom/android/dx/ssa/SsaBasicBlock; @ 4
Event: 21.834 Thread 0x000000001a4a0000 Uncommon trap: reason=class_check action=maybe_recompile pc=0x0000000002fea050 method=com.android.dx.ssa.SCCP.replaceConstants()V @ 182
Event: 21.840 Thread 0x000000001a4a0000 Uncommon trap: reason=class_check action=maybe_recompile pc=0x0000000002fea050 method=com.android.dx.ssa.SCCP.replaceConstants()V @ 182
Event: 24.013 Thread 0x000000001a4a0000 Uncommon trap: reason=unstable_if action=reinterpret pc=0x0000000003013960 method=java.util.regex.Pattern$BnM.optimize(Ljava/util/regex/Pattern$Node;)Ljava/util/regex/Pattern$Node; @ 22
Event: 24.013 Thread 0x000000001a4a0000 Uncommon trap: reason=class_check action=maybe_recompile pc=0x000000000302b22c method=java.util.regex.Matcher.search(I)Z @ 86
Event: 24.013 Thread 0x000000001a4a0000 Uncommon trap: reason=class_check action=maybe_recompile pc=0x0000000003027598 method=java.util.regex.Matcher.search(I)Z @ 86
Event: 24.030 Thread 0x000000001a4a1000 Uncommon trap: reason=class_check action=maybe_recompile pc=0x00000000030201d0 method=java.util.regex.Matcher.search(I)Z @ 86
Event: 24.120 Thread 0x000000001a4a0000 Uncommon trap: reason=unstable_if action=reinterpret pc=0x000000000324cf94 method=com.android.dx.ssa.SCCP.simulateBranch(Lcom/android/dx/ssa/SsaInsn;)V @ 241
Event: 25.083 Thread 0x000000001a4a0000 Uncommon trap: reason=unstable_if action=reinterpret pc=0x000000000396e034 method=com.android.dx.cf.code.Ropper.processBlock(Lcom/android/dx/cf/code/ByteBlock;Lcom/android/dx/cf/code/Frame;[I)V @ 651
Event: 27.533 Thread 0x000000001a4a0000 Uncommon trap: reason=class_check action=maybe_recompile pc=0x0000000002fea050 method=com.android.dx.ssa.SCCP.replaceConstants()V @ 182

Classes redefined (0 events):
No events

Internal exceptions (10 events):
Event: 3.359 Thread 0x0000000019f22000 Implicit null exception at 0x00000000031d8e08 to 0x00000000031db685
Event: 3.713 Thread 0x000000001a4a1800 Implicit null exception at 0x00000000032b5f6a to 0x00000000032b6129
Event: 3.914 Thread 0x000000001a4a1000 Exception <a 'java/lang/ArrayIndexOutOfBoundsException': 18> (0x00000000d89f3340) thrown at [D:\src\AOSP-openjdk-cygwin\jdk8u\hotspot\src\share\vm\interpreter\interpreterRuntime.cpp, line 366]
Event: 3.918 Thread 0x000000001a4a1000 Exception <a 'java/lang/ArrayIndexOutOfBoundsException': 145> (0x00000000d89f4ec0) thrown at [D:\src\AOSP-openjdk-cygwin\jdk8u\hotspot\src\share\vm\interpreter\interpreterRuntime.cpp, line 366]
Event: 3.931 Thread 0x000000001a4a1000 Exception <a 'java/lang/ArrayIndexOutOfBoundsException'> (0x00000000d89f61a8) thrown at [D:\src\AOSP-openjdk-cygwin\jdk8u\hotspot\src\share\vm\runtime\sharedRuntime.cpp, line 605]
Event: 11.469 Thread 0x000000001a4a1000 Implicit null exception at 0x00000000035f8650 to 0x00000000035fb2dd
Event: 11.470 Thread 0x000000001a4a1000 Implicit null exception at 0x00000000039068f5 to 0x000000000390a0e9
Event: 11.473 Thread 0x000000001a4a1000 Implicit null exception at 0x00000000036b9ad3 to 0x00000000036b9e15
Event: 16.471 Thread 0x0000000002bee000 Implicit null exception at 0x0000000002ffa205 to 0x0000000002ffab8d
Event: 19.409 Thread 0x0000000019f22000 Implicit null exception at 0x000000000399cd76 to 0x000000000399ee6c

Events (10 events):
Event: 30.742 Thread 0x000000001a4a0000 DEOPT PACKING pc=0x0000000003286028 sp=0x000000001bc4e5c0
Event: 30.742 Thread 0x000000001a4a0000 DEOPT UNPACKING pc=0x0000000002ed75d0 sp=0x000000001bc4e308 mode 0
Event: 30.755 Thread 0x000000001a4a0000 DEOPT PACKING pc=0x00000000031b34b5 sp=0x000000001bc4e270
Event: 30.755 Thread 0x000000001a4a0000 DEOPT UNPACKING pc=0x0000000002ed75d0 sp=0x000000001bc4dfd8 mode 0
Event: 30.759 Thread 0x000000001a4a1800 DEOPT PACKING pc=0x00000000032843da sp=0x000000001be4ea70
Event: 30.759 Thread 0x000000001a4a1800 DEOPT UNPACKING pc=0x0000000002ed75d0 sp=0x000000001be4e7b8 mode 0
Event: 30.761 Thread 0x000000001a4a1000 DEOPT PACKING pc=0x00000000031eff3f sp=0x000000001bd4e5d0
Event: 30.761 Thread 0x000000001a4a1000 DEOPT UNPACKING pc=0x0000000002ed75d0 sp=0x000000001bd4e320 mode 0
Event: 30.766 Thread 0x000000001a4a1000 DEOPT PACKING pc=0x000000000326bc46 sp=0x000000001bd4e460
Event: 30.766 Thread 0x000000001a4a1000 DEOPT UNPACKING pc=0x0000000002ed75d0 sp=0x000000001bd4e240 mode 0


Dynamic libraries:
0x00007ff7a9cb0000 - 0x00007ff7a9ce1000 	C:\Program Files\Android\Android Studio\jre\bin\java.exe
0x00007ffb10de0000 - 0x00007ffb10faf000 	C:\Windows\SYSTEM32\ntdll.dll
0x00007ffb0e710000 - 0x00007ffb0e7bc000 	C:\Windows\System32\KERNEL32.DLL
0x00007ffb0dba0000 - 0x00007ffb0ddbe000 	C:\Windows\System32\KERNELBASE.dll
0x00007ffb0fe30000 - 0x00007ffb0fed2000 	C:\Windows\System32\ADVAPI32.dll
0x00007ffb0e3b0000 - 0x00007ffb0e44e000 	C:\Windows\System32\msvcrt.dll
0x00007ffb10d80000 - 0x00007ffb10dd9000 	C:\Windows\System32\sechost.dll
0x00007ffb0e7f0000 - 0x00007ffb0e911000 	C:\Windows\System32\RPCRT4.dll
0x00007ffb10c00000 - 0x00007ffb10d66000 	C:\Windows\System32\USER32.dll
0x00007ffb0db80000 - 0x00007ffb0db9e000 	C:\Windows\System32\win32u.dll
0x00007ffb0e370000 - 0x00007ffb0e3a4000 	C:\Windows\System32\GDI32.dll
0x00007ffb0ddc0000 - 0x00007ffb0df43000 	C:\Windows\System32\gdi32full.dll
0x00007ffb02980000 - 0x00007ffb02bfa000 	C:\Windows\WinSxS\amd64_microsoft.windows.common-controls_6595b64144ccf1df_6.0.14393.4169_none_7de0bbf28341b1f2\COMCTL32.dll
0x00007ffb102a0000 - 0x00007ffb10567000 	C:\Windows\System32\combase.dll
0x00007ffb0df50000 - 0x00007ffb0e044000 	C:\Windows\System32\ucrtbase.dll
0x00007ffb0e0a0000 - 0x00007ffb0e10b000 	C:\Windows\System32\bcryptPrimitives.dll
0x00007ffb0e7c0000 - 0x00007ffb0e7ee000 	C:\Windows\System32\IMM32.DLL
0x0000000074630000 - 0x0000000074702000 	C:\Program Files\Android\Android Studio\jre\jre\bin\msvcr100.dll
0x00000000730b0000 - 0x00000000738f1000 	C:\Program Files\Android\Android Studio\jre\jre\bin\server\jvm.dll
0x00007ffb0fee0000 - 0x00007ffb0fee8000 	C:\Windows\System32\PSAPI.DLL
0x00007ffb056c0000 - 0x00007ffb056c9000 	C:\Windows\SYSTEM32\WSOCK32.dll
0x00007ffb04260000 - 0x00007ffb0426a000 	C:\Windows\SYSTEM32\VERSION.dll
0x00007ffb0b650000 - 0x00007ffb0b673000 	C:\Windows\SYSTEM32\WINMM.dll
0x00007ffb10570000 - 0x00007ffb105da000 	C:\Windows\System32\WS2_32.dll
0x00000000012f0000 - 0x000000000131b000 	C:\Windows\SYSTEM32\WINMMBASE.dll
0x00007ffb0e050000 - 0x00007ffb0e092000 	C:\Windows\System32\cfgmgr32.dll
0x00007ffb05860000 - 0x00007ffb0586f000 	C:\Program Files\Android\Android Studio\jre\jre\bin\verify.dll
0x00007ffb027e0000 - 0x00007ffb02809000 	C:\Program Files\Android\Android Studio\jre\jre\bin\java.dll
0x00007ffb03f70000 - 0x00007ffb03f86000 	C:\Program Files\Android\Android Studio\jre\jre\bin\zip.dll
0x00007ffb0e920000 - 0x00007ffb0fe25000 	C:\Windows\System32\SHELL32.dll
0x00007ffb0d4a0000 - 0x00007ffb0db73000 	C:\Windows\System32\windows.storage.dll
0x00007ffb0d240000 - 0x00007ffb0d28c000 	C:\Windows\System32\powrprof.dll
0x00007ffb0e5f0000 - 0x00007ffb0e642000 	C:\Windows\System32\shlwapi.dll
0x00007ffb0d2b0000 - 0x00007ffb0d2bf000 	C:\Windows\System32\kernel.appcore.dll
0x00007ffb0e110000 - 0x00007ffb0e1b8000 	C:\Windows\System32\shcore.dll
0x00007ffb0d290000 - 0x00007ffb0d2a4000 	C:\Windows\System32\profapi.dll

VM Arguments:
jvm_args: -Djava.awt.headless=true -Xmx2g -Dfile.encoding=windows-1252 -Duser.country=CN -Duser.language=zh -Duser.variant 
java_command: com.android.dx.command.Main --dex --num-threads=4 --multi-dex --main-dex-list C:\code\cp\android\android-hq\app-toucai\build\intermediates\multi-dex\flag_jinfeng3\release\maindexlist.txt --output C:\code\cp\android\android-hq\app-toucai\build\intermediates\transforms\dex\flag_jinfeng3\release\0 --min-sdk-version 17 C:\code\cp\android\android-hq\app-toucai\build\intermediates\transforms\jarMerging\flag_jinfeng3\release\0.jar
java_class_path (initial): C:\Users\Administrator\AppData\Local\Android\Sdk\build-tools\27.0.3\lib\dx.jar
Launcher Type: SUN_STANDARD

Environment Variables:
PATH=C:\Program Files (x86)\NetSarang\Xshell 6\;C:\Program Files (x86)\Common Files\Oracle\Java\javapath;C:\Windows\system32;C:\Windows;C:\Windows\System32\Wbem;C:\Windows\System32\WindowsPowerShell\v1.0\;C:\Program Files\dotnet\;C:\Program Files\Microsoft SQL Server\130\Tools\Binn\;C:\Program Files\Git\cmd;C:\Program Files\TortoiseGit\bin;C:\Program Files\IDM Computer Solutions\UltraEdit;C:\Users\Administrator\AppData\Local\Microsoft\WindowsApps;
USERNAME=Administrator
OS=Windows_NT
PROCESSOR_IDENTIFIER=Intel64 Family 6 Model 85 Stepping 4, GenuineIntel



---------------  S Y S T E M  ---------------

OS: Windows 10.0 , 64 bit Build 14393 (10.0.14393.3630)

CPU:total 6 (initial active 6) (6 cores per cpu, 1 threads per core) family 6 model 85 stepping 4, cmov, cx8, fxsr, mmx, sse, sse2, sse3, ssse3, sse4.1, sse4.2, popcnt, avx, avx2, aes, clmul, erms, rtm, lzcnt, tsc, bmi1, bmi2

Memory: 4k page, physical 16776676k(432256k free), swap 29359588k(15948k free)

vm_info: OpenJDK 64-Bit Server VM (25.152-b06) for windows-amd64 JRE (1.8.0_152-release-1136-b06), built by "builder" with MS VC++ 10.0 (VS2010)

time: Tue Mar 09 22:23:44 2021
elapsed time: 30 seconds (0d 0h 0m 30s)

