JvmtiExport can_access_local_variables 0
JvmtiExport can_hotswap_or_post_breakpoint 0
JvmtiExport can_post_on_exceptions 0
# 295 ciObject found
ciMethod java/lang/Object <init> ()V 4097 1 7967732 0 0
ciMethod java/lang/Object getClass ()Ljava/lang/Class; 2049 1 256 0 -1
ciMethod java/lang/System arraycopy (Ljava/lang/Object;ILjava/lang/Object;II)V 4097 1 512 0 -1
ciMethod java/lang/Long numberOfTrailingZeros (J)I 1121 1 36311 0 -1
ciMethod java/util/AbstractList <init> ()V 3113 1 988745 0 32
ciMethod java/util/AbstractCollection <init> ()V 337 1 1109213 0 32
ciMethod java/util/ArrayList <init> ()V 1257 1 917626 0 64
ciMethod java/util/ArrayList ensureCapacityInternal (I)V 16313 1 3481884 0 0
ciMethod java/util/ArrayList ensureExplicitCapacity (I)V 385 1 3757643 0 96
ciMethod java/util/ArrayList grow (I)V 73 1 31881 0 512
ciMethod java/util/ArrayList hugeCapacity (I)I 0 0 1 0 -1
ciMethod java/util/ArrayList size ()I 1121 1 140 0 0
ciMethod java/util/ArrayList isEmpty ()Z 2329 1 3679285 0 64
ciMethod java/util/ArrayList elementData (I)Ljava/lang/Object; 1929 1 10817911 0 0
ciMethod java/util/ArrayList get (I)Ljava/lang/Object; 1921 1 10530380 0 128
ciMethod java/util/ArrayList add (Ljava/lang/Object;)Z 385 1 3477843 0 288
ciMethod java/util/ArrayList remove (I)Ljava/lang/Object; 2169 1 37921 0 352
ciMethod java/util/ArrayList rangeCheck (I)V 1921 1 10818431 0 64
ciMethod java/util/ArrayList iterator ()Ljava/util/Iterator; 2249 1 1826617 0 160
ciMethod java/util/ArrayList access$000 (Ljava/util/ArrayList;)I 1073 1 134 0 0
ciMethod java/lang/Math max (II)I 42353 1 900651 0 -1
ciMethod java/util/Iterator hasNext ()Z 0 0 1 0 -1
ciMethod java/util/Iterator next ()Ljava/lang/Object; 0 0 1 0 -1
ciMethod java/util/Arrays copyOf ([Ljava/lang/Object;I)[Ljava/lang/Object; 2281 1 65765 0 0
ciMethod java/util/Arrays copyOf ([Ljava/lang/Object;ILjava/lang/Class;)[Ljava/lang/Object; 2233 1 36990 0 -1
ciMethodData java/lang/Object <init> ()V 2 7967732 orig 264 56 173 101 115 0 0 0 0 128 4 49 23 0 0 0 0 32 1 0 0 0 0 0 0 0 0 0 0 0 0 0 0 0 0 0 0 0 0 0 0 0 0 0 0 0 0 0 0 0 0 0 0 0 0 0 0 0 0 0 0 0 0 0 0 0 0 0 0 0 0 0 0 0 0 0 0 0 0 0 0 77 68 79 32 101 120 116 114 97 32 100 97 116 97 32 108 111 99 107 0 0 0 0 0 0 0 0 0 0 0 0 0 0 0 0 0 0 0 0 0 0 0 0 0 0 0 0 0 0 0 0 0 0 0 0 0 0 0 0 0 0 0 0 0 0 0 0 0 0 0 0 0 0 0 0 0 0 0 0 0 0 0 0 0 0 0 0 0 0 0 0 0 0 0 0 0 0 0 0 0 0 0 0 0 1 0 0 0 0 0 0 0 1 0 0 0 0 0 0 0 1 0 0 0 0 0 0 0 0 0 0 0 0 0 0 0 0 2 0 0 161 143 204 3 1 0 0 0 0 0 0 0 0 0 0 0 2 0 0 0 0 0 3 0 1 0 0 0 0 0 0 0 255 255 255 255 0 0 0 0 0 0 0 0 data 0 oops 0
ciMethod java/util/BitSet wordIndex (I)I 2049 1 91876 0 0
ciMethod java/util/BitSet checkInvariants ()V 2049 1 7979 0 32
ciMethod java/util/BitSet nextSetBit (I)I 2121 1 8327 0 352
ciMethodData java/util/ArrayList get (I)Ljava/lang/Object; 2 10530380 orig 264 56 173 101 115 0 0 0 0 160 2 62 23 0 0 0 0 144 1 0 0 0 0 0 0 0 0 0 0 0 0 0 0 0 0 0 0 0 0 0 0 0 0 0 0 0 0 0 0 0 0 0 0 0 0 0 0 0 0 0 0 0 0 0 0 0 0 0 0 0 0 0 0 0 0 0 0 0 0 0 0 77 68 79 32 101 120 116 114 97 32 100 97 116 97 32 108 111 99 107 0 0 0 0 0 0 0 0 0 0 0 0 0 0 0 0 0 0 0 0 0 0 0 0 0 0 0 0 0 0 0 0 0 0 0 0 0 0 0 0 0 0 0 0 0 0 0 0 0 0 0 0 0 0 0 0 0 0 0 0 0 0 0 0 0 0 0 0 0 0 0 0 0 0 0 0 0 0 0 0 0 0 0 0 0 0 0 0 0 0 0 0 0 0 0 0 0 0 0 0 0 0 0 0 0 0 0 0 0 0 0 0 0 0 0 0 0 239 0 0 0 225 106 5 5 1 0 0 0 0 0 0 0 0 0 0 0 2 0 0 0 0 0 6 0 2 0 0 0 64 0 0 0 255 255 255 255 2 0 2 0 0 0 0 0 data 8 0x20002 0xa0ef54 0x70005 0x0 0x1b2e8320 0xa0d99d 0x0 0x0 oops 1